  ----------------------------------------------------------------------------
  
  Layout ENGINE x64 Revision Number 5.05.002 , Feb 19 2018
  BEAMER Revision Number 5.5.2 (26078), Feb 19 2018
     Session started on Sat Mar 10 05:13:15 2018
  
     4 processors, 16292 MB memory
  
  Read DXF started on Sat Mar 10 05:13:15 2018
  
     Read DXF input file: \\DiskStation\user_data\fmayor\fabrication\Fab\20180309_fin_propagating_wave_cavity\Olympus_shrink.DXF
  
     number of insert commands: 0
     number of polylines:   54413
     number of traces:      0
     number of solid traces:      0
     number of circles:    0
     number of ellipse:    0
     number of arcs:    0
     number of splines:    0
     number of skipped entities: 0
  
     Number of main structures: 1
     Layer Set           : SiLayer, GrtLayer, NegLayer, HoleLayer, CurveLayer, slotbox, HBSiProtectLayer, HBMetalPosLayer, SpiralLayer, MarkLayer, HBMetalGapLayer
  
     Geometry Count: 25045 definitions, 25045 instances
     Cell Count    : 1 definitions, 1 instances
  
     Geometry Compaction Factor: 1.0
     Cell Compaction Factor: 1.0
     Hierarchy Compaction Factor: 1.0
  
     Hierarchy Tree Depth: 1
  
     Area (in um2): 6.0103715250e+07
     Bbox (in um) : (-5000, -2500), (5700, 2500)
     Coverage : 112 %
  
     Extent (in um) : (-5000, -2500), (5700, 2500)
     Extent related Cov. : 112 %
  
     CPU time: 0.8 seconds, Elapsed time: 1.0 seconds
     Memory usage: 24.000 kB additional, 371.355 MB total
  
  Read DXF completed on Sat Mar 10 05:13:16 2018
  ----------------------------------------------------------------------------
  
  Extract started on Sat Mar 10 05:13:16 2018
  
     Extract cell instances: 
     Layers(s): NegLayer
     Maintain extent
     Maintain extent
  
     Number of main structures: 1
     Layer Set           : NegLayer
  
     Geometry Count: 12 definitions, 12 instances
     Cell Count    : 1 definitions, 1 instances
  
     Geometry Compaction Factor: 1.0
     Cell Compaction Factor: 1.0
     Hierarchy Compaction Factor: 1.0
  
     Hierarchy Tree Depth: 1
  
     Area (in um2): 8.9662436809e+04
     Bbox (in um) : (-3475.09, -525.925), (3474.98, 525.925)
     Coverage : 1.23 %
  
     Extent (in um) : (-5000, -2500), (5700, 2500)
     Extent related Cov. : 0.168 %
  
     CPU time: 0.0 seconds, Elapsed time: 0.0 seconds
     Memory usage: 0.000 B additional, 371.355 MB total
  
  Extract completed on Sat Mar 10 05:13:16 2018
  ----------------------------------------------------------------------------
  
  Extract started on Sat Mar 10 05:13:16 2018
  
     Extract cell instances: 
     Layers(s): SpiralLayer
     Maintain extent
     Maintain extent
  
     Number of main structures: 1
     Layer Set           : SpiralLayer
  
     Geometry Count: 32 definitions, 32 instances
     Cell Count    : 1 definitions, 1 instances
  
     Geometry Compaction Factor: 1.0
     Cell Compaction Factor: 1.0
     Hierarchy Compaction Factor: 1.0
  
     Hierarchy Tree Depth: 1
  
     Area (in um2): 1.6142167500e+05
     Bbox (in um) : (-3516.46, -2210), (3516.35, 2210)
     Coverage : 0.519 %
  
     Extent (in um) : (-5000, -2500), (5700, 2500)
     Extent related Cov. : 0.302 %
  
     CPU time: 0.0 seconds, Elapsed time: 0.0 seconds
     Memory usage: 0.000 B additional, 371.355 MB total
  
  Extract completed on Sat Mar 10 05:13:16 2018
  ----------------------------------------------------------------------------
  
  Extract started on Sat Mar 10 05:13:17 2018
  
     Extract cell instances: 
     Layers(s): HBMetalPosLayer
     Maintain extent
     Maintain extent
  
     Number of main structures: 1
     Layer Set           : HBMetalPosLayer
  
     Geometry Count: 2 definitions, 2 instances
     Cell Count    : 1 definitions, 1 instances
  
     Geometry Compaction Factor: 1.0
     Cell Compaction Factor: 1.0
     Hierarchy Compaction Factor: 1.0
  
     Hierarchy Tree Depth: 1
  
     Area (in um2): 9.6526720000e+06
     Bbox (in um) : (-4502, -1902), (4502, 1902)
     Coverage : 28.2 %
  
     Extent (in um) : (-5000, -2500), (5700, 2500)
     Extent related Cov. : 18 %
  
     CPU time: 0.0 seconds, Elapsed time: 0.0 seconds
     Memory usage: 0.000 B additional, 371.344 MB total
  
  Extract completed on Sat Mar 10 05:13:17 2018
  ----------------------------------------------------------------------------
  
  OR started on Sat Mar 10 05:13:17 2018
  
  
     Target Layer/Datatype: 3(0)
     Softframe: 0.000 um
     Flat Processing
  
     Operation Executed with 4 Threads
     Number of main structures: 1
     Layer Set           : 3(0)
  
     Geometry Count: 3 definitions, 3 instances
     Cell Count    : 1 definitions, 1 instances
  
     Geometry Compaction Factor: 1.0
     Cell Compaction Factor: 1.0
     Hierarchy Compaction Factor: 1.0
  
     Hierarchy Tree Depth: 1
  
     Area (in um2): 9.7507484420e+06
     Bbox (in um) : (-4502, -2210), (4502, 2210)
     Coverage : 24.5 %
  
     Extent (in um) : (-5000, -2500), (5700, 2500)
     Extent related Cov. : 18.2 %
  
     CPU time: 0.0 seconds, Elapsed time: 0.0 seconds
     Memory usage: 12.000 kB additional, 371.355 MB total
  
  OR completed on Sat Mar 10 05:13:17 2018
  ----------------------------------------------------------------------------
  
  Minus started on Sat Mar 10 05:13:17 2018
  
  
     Target Layer/Datatype: maintain existing layer/datatype information
  
     Operation Executed with 4 Threads
     Number of main structures: 1
     Layer Set           : 3(0)
  
     Geometry Count: 6 definitions, 6 instances
     Cell Count    : 1 definitions, 1 instances
  
     Geometry Compaction Factor: 1.0
     Cell Compaction Factor: 1.0
     Hierarchy Compaction Factor: 1.0
  
     Hierarchy Tree Depth: 1
  
     Area (in um2): 9.7332012200e+06
     Bbox (in um) : (-4502, -2210), (4502, 2210)
     Coverage : 24.5 %
  
     Extent (in um) : (-5000, -2500), (5700, 2500)
     Extent related Cov. : 18.2 %
  
     CPU time: 0.3 seconds, Elapsed time: 0.0 seconds
     Memory usage: 0.000 B additional, 371.344 MB total
  
  Minus completed on Sat Mar 10 05:13:17 2018
  ----------------------------------------------------------------------------
  
  Healing started on Sat Mar 10 05:13:17 2018
  
  
     Softframe: 0.300 um
     Processing Mode: Healing

     Hierarchic Processing
     Target Layer Assignment: AllLayer
     Target Layer/Datatype: 1(0)
     Selected Layer Set: *
  
     Operation Executed with 4 Threads
  
     Number of main structures: 1
     Layer Set           : 1(0)
  
     Geometry Count: 4 definitions, 4 instances
     Cell Count    : 1 definitions, 1 instances
  
     Geometry Compaction Factor: 1.0
     Cell Compaction Factor: 1.0
     Hierarchy Compaction Factor: 1.0
  
     Hierarchy Tree Depth: 1
  
     Area (in um2): 9.7332012200e+06
     Bbox (in um) : (-4502, -2210), (4502, 2210)
     Coverage : 24.5 %
  
     Extent (in um) : (-5000, -2500), (5700, 2500)
     Extent related Cov. : 18.2 %
  
     CPU time: 0.0 seconds, Elapsed time: 0.0 seconds
     Memory usage: 0.000 B additional, 371.348 MB total
  
  Healing completed on Sat Mar 10 05:13:17 2018
  ----------------------------------------------------------------------------
  
