  ----------------------------------------------------------------------------
  
  Layout ENGINE x64 Revision Number 5.06.001 , Jul 31 2018
  BEAMER Revision Number 5.6.1 (28103), Jul 31 2018
     Session started on Thu Oct 11 20:15:53 2018
  
     4 processors, 16292 MB memory
  
  Read JEOL52 started on Thu Oct 11 20:15:53 2018
  
     Read JEOL52 input file: \\diskstation\user_data\fmayor\fabrication\Fab\20181010_LNPEZ02\JEOL\WTJ_LNPEZ02_181011BB.v30
     Unit of Chip Size [um]    0.001000
     Unit of Position Set [um] 0.001000
     Unit of Pattern Data [um] 0.001000
     Chip Size (X, Y)[um]         (7180.000000, 4180.000000)
     Field Size (X, Y)[um]        (500.000000, 500.000000)
     Position Set Size (X, Y)[um] (500.000000, 500.000000)
  
     Maximum Number of Shot Ranks 0
     Number of CM Records 0
     Number of MP Records 0
     Number of LB Records 0
     Number of TX Records 1171
     Number of Rectangles 152490
     Number of Trapezoids 263975
     Number of SingleLines 0
     Number of decompacted Rectangles 153123
     Number of decompacted Trapezoids 264663
     Number of decompacted SingleLines 0
     Number of Map Library Blocks 0
     Number of Library Blocks 0
     Number of Text Blocks 41
  
     Pattern units in [um] 0.001000

     Number of main structures: 1
     Layer Set           : 0(0)
  
     Geometry Count: 417786 definitions, 417786 instances
     Cell Count    : 42 definitions, 42 instances
  
     Geometry Compaction Factor: 1.0
     Cell Compaction Factor: 1.0
     Hierarchy Compaction Factor: 1.0
  
     Hierarchy Tree Depth: 2
  
     Area (in um2): 3.1528465327e+05
     Bbox (in um) : (55.7, 60), (7120, 4120)
     Coverage : 1.1 %
  
     Extent (in um) : (0, 0), (7180, 4180)
     Extent related Cov. : 1.05 %
  
     CPU time: 0.2 seconds, Elapsed time: 1.0 seconds
     Memory usage: 0.000 B additional, 370.797 MB total
  
  Read JEOL52 completed on Thu Oct 11 20:15:54 2018
  ----------------------------------------------------------------------------
  
