  ----------------------------------------------------------------------------
  
  Layout ENGINE x64 Revision Number 5.06.001 , Jul 31 2018
  BEAMER Revision Number 5.6.1 (28103), Jul 31 2018
     Session started on Fri Oct 19 00:08:00 2018
  
     4 processors, 16292 MB memory
  
  Read JEOL52 started on Fri Oct 19 00:08:00 2018
  
     Read JEOL52 input file: \\diskstation\user_data\fmayor\fabrication\Fab\20181016_LNPEZ03\JEOL_M3\WJ_PEZ03M3_181019.v30
     Unit of Chip Size [um]    0.001000
     Unit of Position Set [um] 0.001000
     Unit of Pattern Data [um] 0.001000
     Chip Size (X, Y)[um]         (7532.000000, 4180.000000)
     Field Size (X, Y)[um]        (500.000000, 500.000000)
     Position Set Size (X, Y)[um] (500.000000, 500.000000)
  
     Maximum Number of Shot Ranks 0
     Number of CM Records 0
     Number of MP Records 0
     Number of LB Records 0
     Number of TX Records 17
     Number of Rectangles 6210
     Number of Trapezoids 0
     Number of SingleLines 0
     Number of decompacted Rectangles 6210
     Number of decompacted Trapezoids 0
     Number of decompacted SingleLines 0
     Number of Map Library Blocks 0
     Number of Library Blocks 0
     Number of Text Blocks 120
  
     Pattern units in [um] 0.001000

     Number of main structures: 1
     Layer Set           : 0(0)
  
     Geometry Count: 6210 definitions, 6210 instances
     Cell Count    : 121 definitions, 121 instances
  
     Geometry Compaction Factor: 1.0
     Cell Compaction Factor: 1.0
     Hierarchy Compaction Factor: 1.0
  
     Hierarchy Tree Depth: 2
  
     Area (in um2): 8.1113887412e+06
     Bbox (in um) : (5, 369.908), (7527, 3810.09)
     Coverage : 31.3 %
  
     Extent (in um) : (0, 0), (7532, 4180)
     Extent related Cov. : 25.8 %
  
     CPU time: 0.0 seconds, Elapsed time: 0.0 seconds
     Memory usage: 316.000 kB additional, 95.887 MB total
  
  Read JEOL52 completed on Fri Oct 19 00:08:00 2018
  ----------------------------------------------------------------------------
  
