  ----------------------------------------------------------------------------
  
  Layout ENGINE x64 Revision Number 5.05.002 , Feb 19 2018
  BEAMER Revision Number 5.5.2 (26078), Feb 19 2018
     Session started on Sat Mar 10 06:02:02 2018
  
     4 processors, 16292 MB memory
  
  Read JEOL52 started on Sat Mar 10 06:02:02 2018
  
     Read JEOL52 input file: \\171.64.87.147\user_data\fmayor\fabrication\Fab\20180305_fin_propagating_wave_2\toJEOL\180309_SAW2FIN02_sb.v30
     Unit of Chip Size [um]    0.000125
     Unit of Position Set [um] 0.000125
     Unit of Pattern Data [um] 0.000125
     Chip Size (X, Y)[um]         (10000.000000, 5000.000000)
     Field Size (X, Y)[um]        (62.500000, 62.500000)
     Position Set Size (X, Y)[um] (62.500000, 62.500000)
  
     Maximum Number of Shot Ranks 56
     Number of CM Records 0
     Number of MP Records 0
     Number of LB Records 0
     Number of TX Records 85
     Number of Rectangles 6671
     Number of Trapezoids 8780
     Number of SingleLines 0
     Number of decompacted Rectangles 6671
     Number of decompacted Trapezoids 8780
     Number of decompacted SingleLines 0
     Number of Map Library Blocks 0
     Number of Library Blocks 0
     Number of Text Blocks 26
  
     Pattern units in [um] 0.000125

     Number of main structures: 1
     Layer Set           : 0(2), 0(4), 0(6), 0(8), 0(10), 0(12), 0(14), 0(16), 0(19), 0(22), 0(25), 0(28), 0(31), 0(34), 0(37), 0(40), 0(42), 0(44), 0(46), 0(48), 0(50), 0(52), 0(54)
  
     Geometry Count: 15451 definitions, 15451 instances
     Cell Count    : 27 definitions, 27 instances
  
     Geometry Compaction Factor: 1.0
     Cell Compaction Factor: 1.0
     Hierarchy Compaction Factor: 1.0
  
     Hierarchy Tree Depth: 2
  
     Area (in um2): 9.4739159696e+03
     Bbox (in um) : (4730.29, 620.908), (5269.7, 796.611)
     Coverage : 10 %
  
     Extent (in um) : (0, 0), (10000, 5000)
     Extent related Cov. : 0.0189 %
  
     CPU time: 0.0 seconds, Elapsed time: 0.0 seconds
     Memory usage: 0.000 B additional, 507.676 MB total
  
  Read JEOL52 completed on Sat Mar 10 06:02:02 2018
  ----------------------------------------------------------------------------
  
